{
  "stats": {
    "suites": 1,
    "tests": 7,
    "passes": 7,
    "pending": 0,
    "failures": 0,
    "start": "2026-06-21T01:30:26.441Z",
    "end": "2026-06-21T01:30:26.450Z",
    "duration": 9,
    "testsRegistered": 7,
    "passPercent": 100,
    "pendingPercent": 0,
    "other": 0,
    "hasOther": false,
    "skipped": 0,
    "hasSkipped": false
  },
  "results": [
    {
      "uuid": "c7655ae4-70e4-473b-abe9-1f1720d60884",
      "title": "",
      "fullFile": "D:\\Git\\pgats-servico-de-pagamento-ci\\pgats-servico-de-pagamento\\test\\servicoDePagamento.test.js",
      "file": "\\test\\servicoDePagamento.test.js",
      "beforeHooks": [],
      "afterHooks": [],
      "tests": [],
      "suites": [
        {
          "uuid": "cedb0b79-1d69-4ad7-9191-f0e0de00d486",
          "title": "Classe de serviço de pagamento",
          "fullFile": "D:\\Git\\pgats-servico-de-pagamento-ci\\pgats-servico-de-pagamento\\test\\servicoDePagamento.test.js",
          "file": "\\test\\servicoDePagamento.test.js",
          "beforeHooks": [],
          "afterHooks": [],
          "tests": [
            {
              "title": "Validar que quando o valor do pagamento for maior que zero e menor ou igual a 100, a propriedade categoria é \"padrão\".",
              "fullTitle": "Classe de serviço de pagamento Validar que quando o valor do pagamento for maior que zero e menor ou igual a 100, a propriedade categoria é \"padrão\".",
              "timedOut": false,
              "duration": 1,
              "state": "passed",
              "speed": "fast",
              "pass": true,
              "fail": false,
              "pending": false,
              "context": null,
              "code": "//Arrange\nconst servicoDePagamento = new ServicoDePagamento();\nconst valorAserPago = 100;\n    \n//Act\nservicoDePagamento.pagar('1111-1111-1111', 'Claro', valorAserPago);\nconst resultado = servicoDePagamento.consultarUltimoPagamento();\n//Assert\nassert.equal(resultado.categoria,'padrão');",
              "err": {},
              "uuid": "a54d7dcf-9f83-46a5-9cac-30d602b1adc8",
              "parentUUID": "cedb0b79-1d69-4ad7-9191-f0e0de00d486",
              "isHook": false,
              "skipped": false
            },
            {
              "title": "Validar que quando o valor do pagamento for maior que 100, a propriedade categoria é \"cara\".",
              "fullTitle": "Classe de serviço de pagamento Validar que quando o valor do pagamento for maior que 100, a propriedade categoria é \"cara\".",
              "timedOut": false,
              "duration": 0,
              "state": "passed",
              "speed": "fast",
              "pass": true,
              "fail": false,
              "pending": false,
              "context": null,
              "code": "//Arrange\nconst servicoDePagamento = new ServicoDePagamento();\nconst valorAserPago = 100.01;\n    \n//Act\nservicoDePagamento.pagar('1111-1111-1111', 'Claro', valorAserPago);\nconst resultado = servicoDePagamento.consultarUltimoPagamento();\n//Assert\nassert.equal(resultado.categoria,'cara');",
              "err": {},
              "uuid": "c7850fb8-4fab-4cde-bf89-da2c453a606e",
              "parentUUID": "cedb0b79-1d69-4ad7-9191-f0e0de00d486",
              "isHook": false,
              "skipped": false
            },
            {
              "title": "Validar que a consulta do último pagamento retorna o último pagamento efetuado.",
              "fullTitle": "Classe de serviço de pagamento Validar que a consulta do último pagamento retorna o último pagamento efetuado.",
              "timedOut": false,
              "duration": 0,
              "state": "passed",
              "speed": "fast",
              "pass": true,
              "fail": false,
              "pending": false,
              "context": null,
              "code": "//Arrange\nconst servicoDePagamento = new ServicoDePagamento();\nconst objetoAserPago = {\n    codigoBarras: '2222-2222-2222',\n    empresa: 'Tim',\n    valor: 53.79 \n}\n    \n//Act\nservicoDePagamento.pagar(objetoAserPago.codigoBarras, objetoAserPago.empresa, objetoAserPago.valor);\nconst resultadoConsultaUltimoPagamento = servicoDePagamento.consultarUltimoPagamento();\n\n//Assert\nassert.equal(objetoAserPago.codigoBarras, resultadoConsultaUltimoPagamento.codigoBarras);\nassert.equal(objetoAserPago.empresa, resultadoConsultaUltimoPagamento.empresa);\nassert.equal(objetoAserPago.valor, resultadoConsultaUltimoPagamento.valor);",
              "err": {},
              "uuid": "c88f4c98-bd5a-4ecc-90bd-246a6990d637",
              "parentUUID": "cedb0b79-1d69-4ad7-9191-f0e0de00d486",
              "isHook": false,
              "skipped": false
            },
            {
              "title": "Validar que ao não informar o código de barras, o erro \"Código de barras, empresa e valor são obrigatórios.\" será apresentado.",
              "fullTitle": "Classe de serviço de pagamento Validar que ao não informar o código de barras, o erro \"Código de barras, empresa e valor são obrigatórios.\" será apresentado.",
              "timedOut": false,
              "duration": 1,
              "state": "passed",
              "speed": "fast",
              "pass": true,
              "fail": false,
              "pending": false,
              "context": null,
              "code": "//Arrange\nconst servicoDePagamento = new ServicoDePagamento();\nconst objetoAserPago = {\n    codigoBarras: '',\n    empresa: 'Vivo',\n    valor: 53.79 \n}\n//Act & Assert\nassert.throws(\n    function(){\n        servicoDePagamento.pagar(objetoAserPago.codigoBarras, objetoAserPago.empresa, objetoAserPago.valor)},\n        { message: 'Código de barras, empresa e valor são obrigatórios.' }\n);",
              "err": {},
              "uuid": "fe90cfee-c48e-4ea0-950d-bba4c477aa20",
              "parentUUID": "cedb0b79-1d69-4ad7-9191-f0e0de00d486",
              "isHook": false,
              "skipped": false
            },
            {
              "title": "Validar que ao não informar a empresa, o erro \"Código de barras, empresa e valor são obrigatórios.\" será apresentado.",
              "fullTitle": "Classe de serviço de pagamento Validar que ao não informar a empresa, o erro \"Código de barras, empresa e valor são obrigatórios.\" será apresentado.",
              "timedOut": false,
              "duration": 0,
              "state": "passed",
              "speed": "fast",
              "pass": true,
              "fail": false,
              "pending": false,
              "context": null,
              "code": "//Arrange\nconst servicoDePagamento = new ServicoDePagamento();\nconst objetoAserPago = {\n    codigoBarras: '3333-3333-3333',\n    empresa: '',\n    valor: 53.79 \n}\n//Act & Assert\nassert.throws(\n    function(){\n        servicoDePagamento.pagar(objetoAserPago.codigoBarras, objetoAserPago.empresa, objetoAserPago.valor)},\n        { message: 'Código de barras, empresa e valor são obrigatórios.' }\n);",
              "err": {},
              "uuid": "bd117e0f-8a04-43ea-9dda-a5d28b541ba4",
              "parentUUID": "cedb0b79-1d69-4ad7-9191-f0e0de00d486",
              "isHook": false,
              "skipped": false
            },
            {
              "title": "Validar que ao não informar o valor, o erro \"Código de barras, empresa e valor são obrigatórios.\" será apresentado.",
              "fullTitle": "Classe de serviço de pagamento Validar que ao não informar o valor, o erro \"Código de barras, empresa e valor são obrigatórios.\" será apresentado.",
              "timedOut": false,
              "duration": 1,
              "state": "passed",
              "speed": "fast",
              "pass": true,
              "fail": false,
              "pending": false,
              "context": null,
              "code": "//Arrange\nconst servicoDePagamento = new ServicoDePagamento();\nconst objetoAserPago = {\n    codigoBarras: '3333-3333-3333',\n    empresa: 'Claro',\n    valor: '' \n}\n//Act & Assert\nassert.throws(\n    function(){\n        servicoDePagamento.pagar(objetoAserPago.codigoBarras, objetoAserPago.empresa, objetoAserPago.valor)},\n        { message: 'Código de barras, empresa e valor são obrigatórios.' }\n);",
              "err": {},
              "uuid": "fe4f7520-db9b-4023-bb59-59f168eeacf2",
              "parentUUID": "cedb0b79-1d69-4ad7-9191-f0e0de00d486",
              "isHook": false,
              "skipped": false
            },
            {
              "title": "Validar que ao informar um valor negativo ou zero, o erro \"O valor precisa ser numérico e positivo maior que zero.\" será apresentado.",
              "fullTitle": "Classe de serviço de pagamento Validar que ao informar um valor negativo ou zero, o erro \"O valor precisa ser numérico e positivo maior que zero.\" será apresentado.",
              "timedOut": false,
              "duration": 1,
              "state": "passed",
              "speed": "fast",
              "pass": true,
              "fail": false,
              "pending": false,
              "context": null,
              "code": "//Arrange\nconst servicoDePagamento = new ServicoDePagamento();\nconst objetoAserPago = {\n    codigoBarras: '3333-3333-3333',\n    empresa: 'Claro',\n    valor: -32.50\n}\n//Act & Assert\nassert.throws(\n    function(){\n        servicoDePagamento.pagar(objetoAserPago.codigoBarras, objetoAserPago.empresa, objetoAserPago.valor);},\n        { message: 'O valor precisa ser numérico e positivo maior que zero.' }\n);",
              "err": {},
              "uuid": "310220f4-fbe3-4ea8-946a-f6c2874d477f",
              "parentUUID": "cedb0b79-1d69-4ad7-9191-f0e0de00d486",
              "isHook": false,
              "skipped": false
            }
          ],
          "suites": [],
          "passes": [
            "a54d7dcf-9f83-46a5-9cac-30d602b1adc8",
            "c7850fb8-4fab-4cde-bf89-da2c453a606e",
            "c88f4c98-bd5a-4ecc-90bd-246a6990d637",
            "fe90cfee-c48e-4ea0-950d-bba4c477aa20",
            "bd117e0f-8a04-43ea-9dda-a5d28b541ba4",
            "fe4f7520-db9b-4023-bb59-59f168eeacf2",
            "310220f4-fbe3-4ea8-946a-f6c2874d477f"
          ],
          "failures": [],
          "pending": [],
          "skipped": [],
          "duration": 4,
          "root": false,
          "rootEmpty": false,
          "_timeout": 2000
        }
      ],
      "passes": [],
      "failures": [],
      "pending": [],
      "skipped": [],
      "duration": 0,
      "root": true,
      "rootEmpty": true,
      "_timeout": 2000
    }
  ],
  "meta": {
    "mocha": {
      "version": "11.7.5"
    },
    "mochawesome": {
      "options": {
        "quiet": false,
        "reportFilename": "mochawesome",
        "saveHtml": true,
        "saveJson": true,
        "consoleReporter": "spec",
        "useInlineDiffs": false,
        "code": true
      },
      "version": "7.1.4"
    },
    "marge": {
      "options": {
        "reportDir": "mochawesome-report",
        "reportFilename": "mochawesome",
        "overwrite": "true",
        "html": "true",
        "json": "true"
      },
      "version": "6.3.2"
    }
  }
}