{
  "stats": {
    "suites": 1,
    "tests": 7,
    "passes": 7,
    "pending": 0,
    "failures": 0,
    "start": "2026-05-19T00:27:21.714Z",
    "end": "2026-05-19T00:27:21.725Z",
    "duration": 11,
    "testsRegistered": 7,
    "passPercent": 100,
    "pendingPercent": 0,
    "other": 0,
    "hasOther": false,
    "skipped": 0,
    "hasSkipped": false
  },
  "results": [
    {
      "uuid": "4a527d8b-a634-4eb9-bce3-cb75c4780cdb",
      "title": "",
      "fullFile": "D:\\Git\\pgats-servico-de-pagamento\\test\\servicoDePagamento.test.js",
      "file": "\\test\\servicoDePagamento.test.js",
      "beforeHooks": [],
      "afterHooks": [],
      "tests": [],
      "suites": [
        {
          "uuid": "949416b8-bd6d-4bfd-94f4-92773af44b81",
          "title": "Classe de serviço de pagamento",
          "fullFile": "D:\\Git\\pgats-servico-de-pagamento\\test\\servicoDePagamento.test.js",
          "file": "\\test\\servicoDePagamento.test.js",
          "beforeHooks": [],
          "afterHooks": [],
          "tests": [
            {
              "title": "Validar que quando o valor do pagamento for maior que zero e menor ou igual a 100, a propriedade categoria é \"padrão\".",
              "fullTitle": "Classe de serviço de pagamento Validar que quando o valor do pagamento for maior que zero e menor ou igual a 100, a propriedade categoria é \"padrão\".",
              "timedOut": false,
              "duration": 1,
              "state": "passed",
              "speed": "fast",
              "pass": true,
              "fail": false,
              "pending": false,
              "context": null,
              "code": "//Arrange\nconst servicoDePagamento = new ServicoDePagamento();\nconst valorAserPago = 100;\n    \n//Act\nservicoDePagamento.pagar('1111-1111-1111', 'Claro', valorAserPago);\nconst resultado = servicoDePagamento.consultarUltimoPagamento();\n//Assert\nassert.equal(resultado.categoria,'padrão');",
              "err": {},
              "uuid": "23e7903f-90f2-4a2f-bac5-19e734a575a5",
              "parentUUID": "949416b8-bd6d-4bfd-94f4-92773af44b81",
              "isHook": false,
              "skipped": false
            },
            {
              "title": "Validar que quando o valor do pagamento for maior que 100, a propriedade categoria é \"cara\".",
              "fullTitle": "Classe de serviço de pagamento Validar que quando o valor do pagamento for maior que 100, a propriedade categoria é \"cara\".",
              "timedOut": false,
              "duration": 0,
              "state": "passed",
              "speed": "fast",
              "pass": true,
              "fail": false,
              "pending": false,
              "context": null,
              "code": "//Arrange\nconst servicoDePagamento = new ServicoDePagamento();\nconst valorAserPago = 100.01;\n    \n//Act\nservicoDePagamento.pagar('1111-1111-1111', 'Claro', valorAserPago);\nconst resultado = servicoDePagamento.consultarUltimoPagamento();\n//Assert\nassert.equal(resultado.categoria,'cara');",
              "err": {},
              "uuid": "943aa767-1392-43e6-8b06-73151b8843ce",
              "parentUUID": "949416b8-bd6d-4bfd-94f4-92773af44b81",
              "isHook": false,
              "skipped": false
            },
            {
              "title": "Validar que a consulta do último pagamento retorna o último pagamento efetuado.",
              "fullTitle": "Classe de serviço de pagamento Validar que a consulta do último pagamento retorna o último pagamento efetuado.",
              "timedOut": false,
              "duration": 0,
              "state": "passed",
              "speed": "fast",
              "pass": true,
              "fail": false,
              "pending": false,
              "context": null,
              "code": "//Arrange\nconst servicoDePagamento = new ServicoDePagamento();\nconst objetoAserPago = {\n    codigoBarras: '2222-2222-2222',\n    empresa: 'Tim',\n    valor: 53.79 \n}\n    \n//Act\nservicoDePagamento.pagar(objetoAserPago.codigoBarras, objetoAserPago.empresa, objetoAserPago.valor);\nconst resultadoConsultaUltimoPagamento = servicoDePagamento.consultarUltimoPagamento();\n\n//Assert\nassert.equal(objetoAserPago.codigoBarras, resultadoConsultaUltimoPagamento.codigoBarras);\nassert.equal(objetoAserPago.empresa, resultadoConsultaUltimoPagamento.empresa);\nassert.equal(objetoAserPago.valor, resultadoConsultaUltimoPagamento.valor);",
              "err": {},
              "uuid": "33fc53a3-bb0e-4bc2-9a63-c2b341a0d3e6",
              "parentUUID": "949416b8-bd6d-4bfd-94f4-92773af44b81",
              "isHook": false,
              "skipped": false
            },
            {
              "title": "Validar que ao não informar o código de barras, o erro \"Código de barras, empresa e valor são obrigatórios.\" será apresentado.",
              "fullTitle": "Classe de serviço de pagamento Validar que ao não informar o código de barras, o erro \"Código de barras, empresa e valor são obrigatórios.\" será apresentado.",
              "timedOut": false,
              "duration": 1,
              "state": "passed",
              "speed": "fast",
              "pass": true,
              "fail": false,
              "pending": false,
              "context": null,
              "code": "//Arrange\nconst servicoDePagamento = new ServicoDePagamento();\nconst objetoAserPago = {\n    codigoBarras: '',\n    empresa: 'Vivo',\n    valor: 53.79 \n}\n//Act & Assert\nassert.throws(\n    function(){\n        servicoDePagamento.pagar(objetoAserPago.codigoBarras, objetoAserPago.empresa, objetoAserPago.valor)},\n        { message: 'Código de barras, empresa e valor são obrigatórios.' }\n);",
              "err": {},
              "uuid": "3bb537c3-8f42-49fb-bfb2-9f099a604e5c",
              "parentUUID": "949416b8-bd6d-4bfd-94f4-92773af44b81",
              "isHook": false,
              "skipped": false
            },
            {
              "title": "Validar que ao não informar a empresa, o erro \"Código de barras, empresa e valor são obrigatórios.\" será apresentado.",
              "fullTitle": "Classe de serviço de pagamento Validar que ao não informar a empresa, o erro \"Código de barras, empresa e valor são obrigatórios.\" será apresentado.",
              "timedOut": false,
              "duration": 0,
              "state": "passed",
              "speed": "fast",
              "pass": true,
              "fail": false,
              "pending": false,
              "context": null,
              "code": "//Arrange\nconst servicoDePagamento = new ServicoDePagamento();\nconst objetoAserPago = {\n    codigoBarras: '3333-3333-3333',\n    empresa: '',\n    valor: 53.79 \n}\n//Act & Assert\nassert.throws(\n    function(){\n        servicoDePagamento.pagar(objetoAserPago.codigoBarras, objetoAserPago.empresa, objetoAserPago.valor)},\n        { message: 'Código de barras, empresa e valor são obrigatórios.' }\n);",
              "err": {},
              "uuid": "46545a8b-63b4-42ed-97f7-8e0db343bfd6",
              "parentUUID": "949416b8-bd6d-4bfd-94f4-92773af44b81",
              "isHook": false,
              "skipped": false
            },
            {
              "title": "Validar que ao não informar o valor, o erro \"Código de barras, empresa e valor são obrigatórios.\" será apresentado.",
              "fullTitle": "Classe de serviço de pagamento Validar que ao não informar o valor, o erro \"Código de barras, empresa e valor são obrigatórios.\" será apresentado.",
              "timedOut": false,
              "duration": 1,
              "state": "passed",
              "speed": "fast",
              "pass": true,
              "fail": false,
              "pending": false,
              "context": null,
              "code": "//Arrange\nconst servicoDePagamento = new ServicoDePagamento();\nconst objetoAserPago = {\n    codigoBarras: '3333-3333-3333',\n    empresa: 'Claro',\n    valor: '' \n}\n//Act & Assert\nassert.throws(\n    function(){\n        servicoDePagamento.pagar(objetoAserPago.codigoBarras, objetoAserPago.empresa, objetoAserPago.valor)},\n        { message: 'Código de barras, empresa e valor são obrigatórios.' }\n);",
              "err": {},
              "uuid": "f4b2cfc3-7c05-41ae-b06b-dd765057b60f",
              "parentUUID": "949416b8-bd6d-4bfd-94f4-92773af44b81",
              "isHook": false,
              "skipped": false
            },
            {
              "title": "Validar que ao informar um valor negativo ou zero, o erro \"O valor precisa ser numérico e positivo maior que zero.\" será apresentado.",
              "fullTitle": "Classe de serviço de pagamento Validar que ao informar um valor negativo ou zero, o erro \"O valor precisa ser numérico e positivo maior que zero.\" será apresentado.",
              "timedOut": false,
              "duration": 1,
              "state": "passed",
              "speed": "fast",
              "pass": true,
              "fail": false,
              "pending": false,
              "context": null,
              "code": "//Arrange\nconst servicoDePagamento = new ServicoDePagamento();\nconst objetoAserPago = {\n    codigoBarras: '3333-3333-3333',\n    empresa: 'Claro',\n    valor: -32.50\n}\n//Act & Assert\nassert.throws(\n    function(){\n        servicoDePagamento.pagar(objetoAserPago.codigoBarras, objetoAserPago.empresa, objetoAserPago.valor);},\n        { message: 'O valor precisa ser numérico e positivo maior que zero.' }\n);",
              "err": {},
              "uuid": "10d78724-4e07-4bfa-955e-6f5b9c00eb71",
              "parentUUID": "949416b8-bd6d-4bfd-94f4-92773af44b81",
              "isHook": false,
              "skipped": false
            }
          ],
          "suites": [],
          "passes": [
            "23e7903f-90f2-4a2f-bac5-19e734a575a5",
            "943aa767-1392-43e6-8b06-73151b8843ce",
            "33fc53a3-bb0e-4bc2-9a63-c2b341a0d3e6",
            "3bb537c3-8f42-49fb-bfb2-9f099a604e5c",
            "46545a8b-63b4-42ed-97f7-8e0db343bfd6",
            "f4b2cfc3-7c05-41ae-b06b-dd765057b60f",
            "10d78724-4e07-4bfa-955e-6f5b9c00eb71"
          ],
          "failures": [],
          "pending": [],
          "skipped": [],
          "duration": 4,
          "root": false,
          "rootEmpty": false,
          "_timeout": 2000
        }
      ],
      "passes": [],
      "failures": [],
      "pending": [],
      "skipped": [],
      "duration": 0,
      "root": true,
      "rootEmpty": true,
      "_timeout": 2000
    }
  ],
  "meta": {
    "mocha": {
      "version": "11.7.5"
    },
    "mochawesome": {
      "options": {
        "quiet": false,
        "reportFilename": "mochawesome",
        "saveHtml": true,
        "saveJson": true,
        "consoleReporter": "spec",
        "useInlineDiffs": false,
        "code": true
      },
      "version": "7.1.4"
    },
    "marge": {
      "options": null,
      "version": "6.3.2"
    }
  }
}